<?xml version="1.0" encoding="UTF-8"?>
<!-- Generated by org.testng.reporters.JUnitXMLReporter -->
<testsuite ignored="0" hostname="DESKTOP-RT4D28D" failures="0" tests="3" name="Default test" time="0.717" errors="0" timestamp="2020-11-27T22:58:07 GMT">
  <testcase classname="testng1.HelloWorld1" name="createHelloWorld1_1" time="0.112"/>
  <testcase classname="testng1.HelloWorld1" name="printHelloWorld1_1" time="0.037"/>
  <testcase classname="testng1.HelloWorld1" name="printHelloWorld1_2" time="0.068"/>
</testsuite> <!-- Default test -->
