<?xml version="1.0" encoding="UTF-8"?>
<!-- Generated by org.testng.reporters.JUnitXMLReporter -->
<testsuite ignored="0" hostname="DESKTOP-RT4D28D" failures="0" tests="6" name="Test" time="0.824" errors="0" timestamp="2020-11-02T04:00:08 GMT">
  <testcase classname="testng2.HelloWorld6" name="printHelloWorld6" time="0.085"/>
  <testcase classname="testng1.HelloWorld1" name="printHelloWorld1" time="0.047"/>
  <testcase classname="testng1.HelloWorld1" name="printHelloWorld2" time="0.032"/>
  <testcase classname="testng2.HelloWorld4" name="printHelloWorld4" time="0.072"/>
  <testcase classname="testng2.HelloWorld4" name="printHelloWorld5" time="0.059"/>
  <testcase classname="testng1.HelloWorld3" name="printHelloWorld3" time="0.024"/>
</testsuite> <!-- Test -->
