<?xml version="1.0" encoding="UTF-8"?>
<!-- Generated by org.testng.reporters.JUnitXMLReporter -->
<testsuite ignored="0" hostname="DESKTOP-RT4D28D" failures="0" tests="10" name="Test2" time="11.707" errors="0" timestamp="2020-11-14T17:50:40 GMT">
  <testcase classname="testng11.ParallelTest3" name="test1" time="1.258"/>
  <testcase classname="testng11.ParallelTest3" name="test2" time="1.04"/>
  <testcase classname="testng11.ParallelTest3" name="test3" time="1.061"/>
  <testcase classname="testng11.ParallelTest3" name="test4" time="1.035"/>
  <testcase classname="testng11.ParallelTest3" name="test5" time="1.064"/>
  <testcase classname="testng11.ParallelTest4" name="test1" time="1.021"/>
  <testcase classname="testng11.ParallelTest4" name="test2" time="1.032"/>
  <testcase classname="testng11.ParallelTest4" name="test3" time="1.017"/>
  <testcase classname="testng11.ParallelTest4" name="test4" time="1.042"/>
  <testcase classname="testng11.ParallelTest4" name="test5" time="1.03"/>
</testsuite> <!-- Test2 -->
