<?xml version="1.0" encoding="UTF-8"?>
<!-- Generated by org.testng.reporters.JUnitXMLReporter -->
<testsuite ignored="0" hostname="DESKTOP-RT4D28D" failures="0" tests="5" name="Test3" time="6.761" errors="0" timestamp="2020-11-14T17:44:54 GMT">
  <testcase classname="testng11.ParallelTest3" name="test1" time="1.54"/>
  <testcase classname="testng11.ParallelTest3" name="test2" time="1.056"/>
  <testcase classname="testng11.ParallelTest3" name="test3" time="1.119"/>
  <testcase classname="testng11.ParallelTest3" name="test4" time="1.028"/>
  <testcase classname="testng11.ParallelTest3" name="test5" time="1.257"/>
</testsuite> <!-- Test3 -->
