<?xml version="1.0" encoding="UTF-8"?>
<!-- Generated by org.testng.reporters.JUnitXMLReporter -->
<testsuite ignored="0" hostname="DESKTOP-RT4D28D" failures="0" tests="5" name="Test4" time="6.439" errors="0" timestamp="2020-11-14T17:44:54 GMT">
  <testcase classname="testng11.ParallelTest4" name="test1" time="1.482"/>
  <testcase classname="testng11.ParallelTest4" name="test2" time="1.058"/>
  <testcase classname="testng11.ParallelTest4" name="test3" time="1.05"/>
  <testcase classname="testng11.ParallelTest4" name="test4" time="1.045"/>
  <testcase classname="testng11.ParallelTest4" name="test5" time="1.232"/>
</testsuite> <!-- Test4 -->
