<?xml version="1.0" encoding="UTF-8"?>
<!-- Generated by org.testng.reporters.JUnitXMLReporter -->
<testsuite ignored="0" hostname="DESKTOP-RT4D28D" failures="0" tests="10" name="Test1" time="11.489" errors="0" timestamp="2020-11-14T17:50:40 GMT">
  <testcase classname="testng11.ParallelTest1" name="test1" time="1.104"/>
  <testcase classname="testng11.ParallelTest1" name="test2" time="1.093"/>
  <testcase classname="testng11.ParallelTest1" name="test3" time="1.053"/>
  <testcase classname="testng11.ParallelTest1" name="test4" time="1.036"/>
  <testcase classname="testng11.ParallelTest1" name="test5" time="1.049"/>
  <testcase classname="testng11.ParallelTest2" name="test1" time="1.043"/>
  <testcase classname="testng11.ParallelTest2" name="test2" time="1.024"/>
  <testcase classname="testng11.ParallelTest2" name="test3" time="1.038"/>
  <testcase classname="testng11.ParallelTest2" name="test4" time="1.11"/>
  <testcase classname="testng11.ParallelTest2" name="test5" time="1.026"/>
</testsuite> <!-- Test1 -->
