<?xml version="1.0" encoding="UTF-8"?>
<testng-results ignored="0" total="3" passed="3" failed="0" skipped="0">
  <reporter-output>
  </reporter-output>
  <suite started-at="2020-11-27T22:58:06 GMT" name="Default suite" finished-at="2020-11-27T22:58:06 GMT" duration-ms="717">
    <groups>
    </groups>
    <test started-at="2020-11-27T22:58:06 GMT" name="Default test" finished-at="2020-11-27T22:58:06 GMT" duration-ms="717">
      <class name="testng1.HelloWorld1">
        <test-method signature="createHelloWorld1_1()[pri:0, instance:testng1.HelloWorld1@78b729e6]" started-at="2020-11-27T22:58:06 GMT" name="createHelloWorld1_1" finished-at="2020-11-27T22:58:06 GMT" duration-ms="112" status="PASS">
          <reporter-output>
          </reporter-output>
        </test-method> <!-- createHelloWorld1_1 -->
        <test-method signature="printHelloWorld1_1()[pri:0, instance:testng1.HelloWorld1@78b729e6]" started-at="2020-11-27T22:58:06 GMT" name="printHelloWorld1_1" finished-at="2020-11-27T22:58:06 GMT" duration-ms="37" status="PASS">
          <reporter-output>
          </reporter-output>
        </test-method> <!-- printHelloWorld1_1 -->
        <test-method signature="printHelloWorld1_2()[pri:0, instance:testng1.HelloWorld1@78b729e6]" started-at="2020-11-27T22:58:06 GMT" name="printHelloWorld1_2" finished-at="2020-11-27T22:58:06 GMT" duration-ms="68" status="PASS">
          <reporter-output>
          </reporter-output>
        </test-method> <!-- printHelloWorld1_2 -->
      </class> <!-- testng1.HelloWorld1 -->
    </test> <!-- Default test -->
  </suite> <!-- Default suite -->
</testng-results>
